

Version:	3.9
CmdLine:	C:\Users\Hi\Documents\NetBeansProjects\MathGame\MathGame.exe --l4j-debug
WOW64:		no
Working dir:	C:\Users\Hi\Documents\NetBeansProjects\MathGame\.
Bundled JRE:	C:\Program Files\Java\jre1.8.0_181
Check launcher:	C:\Program Files\Java\jre1.8.0_181\bin\javaw.exe (OK)
Launcher:	C:\Program Files\Java\jre1.8.0_181\bin\javaw.exe
Launcher args:	-jar "C:\Users\Hi\Documents\NetBeansProjects\MathGame\MathGame.exe"
Args length:	67/32768 chars
Exit code:	259


Version:	3.9
CmdLine:	C:\Users\Hi\Documents\NetBeansProjects\MathGame\MathGame.exe --l4j-debug
WOW64:		no
Working dir:	C:\Users\Hi\Documents\NetBeansProjects\MathGame\.
Bundled JRE:	C:\Program Files\Java\jre1.8.0_181
Check launcher:	C:\Program Files\Java\jre1.8.0_181\bin\javaw.exe (OK)
Launcher:	C:\Program Files\Java\jre1.8.0_181\bin\javaw.exe
Launcher args:	-jar "C:\Users\Hi\Documents\NetBeansProjects\MathGame\MathGame.exe"
Args length:	67/32768 chars
Exit code:	259


Version:	3.9
CmdLine:	C:\Users\Hi\Documents\NetBeansProjects\MathGame\MathGame.exe --l4j-debug
WOW64:		no
Working dir:	C:\Users\Hi\Documents\NetBeansProjects\MathGame\.
Bundled JRE:	C:\Program Files\Java\jre1.8.0_181
Check launcher:	C:\Program Files\Java\jre1.8.0_181\bin\javaw.exe (OK)
Launcher:	C:\Program Files\Java\jre1.8.0_181\bin\javaw.exe
Launcher args:	-jar "C:\Users\Hi\Documents\NetBeansProjects\MathGame\MathGame.exe"
Args length:	67/32768 chars
Exit code:	259


Version:	3.9
CmdLine:	C:\Users\Hi\Documents\NetBeansProjects\MathGame\MathGame.exe --l4j-debug
WOW64:		no
Working dir:	C:\Users\Hi\Documents\NetBeansProjects\MathGame\.
Bundled JRE:	C:\Program Files\Java\jre1.8.0_181
Check launcher:	C:\Program Files\Java\jre1.8.0_181\bin\javaw.exe (OK)
Launcher:	C:\Program Files\Java\jre1.8.0_181\bin\javaw.exe
Launcher args:	-jar "C:\Users\Hi\Documents\NetBeansProjects\MathGame\MathGame.exe"
Args length:	67/32768 chars
Exit code:	259


Version:	3.12
CmdLine:	C:\Users\DIBO\Documents\Math_Game Dibo\MathGame.exe --l4j-debug
WOW64:		yes
Working dir:	C:\Users\DIBO\Documents\Math_Game Dibo\.
Java min ver:	1.008.000_171
Java max ver:	
64-bit search:	SOFTWARE\JavaSoft\Java Runtime Environment...
Check:		SOFTWARE\JavaSoft\Java Runtime Environment\1.7
Ignore:		1.007.000
Check:		SOFTWARE\JavaSoft\Java Runtime Environment\1.7.0_51
Ignore:		1.007.000_051
Check:		SOFTWARE\JavaSoft\Java Runtime Environment\1.8
Ignore:		1.008.000
Check:		SOFTWARE\JavaSoft\Java Runtime Environment\1.8.0_171
Check launcher:	C:\Program Files\Java\jre1.8.0_171\bin\javaw.exe (OK)
Match:		1.008.000_171
64-bit search:	SOFTWARE\JavaSoft\Java Development Kit...
Check:		SOFTWARE\JavaSoft\Java Development Kit\1.7
Ignore:		1.007.000
Check:		SOFTWARE\JavaSoft\Java Development Kit\1.7.0_51
Ignore:		1.007.000_051
Check:		SOFTWARE\JavaSoft\Java Development Kit\1.8
Ignore:		1.008.000
Check:		SOFTWARE\JavaSoft\Java Development Kit\1.8.0_171
Ignore:		1.008.000_171
64-bit search:	SOFTWARE\JavaSoft\JRE...
64-bit search:	SOFTWARE\JavaSoft\JDK...
Runtime used:	1.008.000_171 (64-bit)
Launcher:	C:\Program Files\Java\jre1.8.0_171\bin\javaw.exe
Launcher args:	-jar "C:\Users\DIBO\Documents\Math_Game Dibo\MathGame.exe"
Args length:	58/32768 chars
Exit code:	0
